[2018-11-24 03:12:26,563] multiqc                                            [DEBUG  ]  No MultiQC config found: /mnt/testscratch/lanno001/poreTallly_ecoliLoman_21081123/envs/.snakemake/conda/43c0f0ef/lib/python3.5/site-packages/multiqc_config.yaml
[2018-11-24 03:12:26,564] multiqc                                            [DEBUG  ]  No MultiQC config found: /home/lanno001/.multiqc_config.yaml
[2018-11-24 03:12:26,564] multiqc                                            [DEBUG  ]  No MultiQC config found: multiqc_config.yaml
[2018-11-24 03:12:26,564] multiqc                                            [DEBUG  ]  Command used: /mnt/testscratch/lanno001/poreTallly_ecoliLoman_21081123/envs/.snakemake/conda/43c0f0ef/bin/multiqc -i Assembler Benchmark report --filename REPORT -o . -f -p --tag assembler_benchmark --template assembler_benchmark /mnt/testscratch/lanno001/poreTallly_ecoliLoman_21081123/analysis/summary/ --data-format yaml
[2018-11-24 03:12:26,977] multiqc                                            [WARNING]  MultiQC Version v1.6 now available!
[2018-11-24 03:12:26,978] multiqc                                            [INFO   ]  This is MultiQC v1.5.dev0
[2018-11-24 03:12:26,978] multiqc                                            [DEBUG  ]  Command     : /mnt/testscratch/lanno001/poreTallly_ecoliLoman_21081123/envs/.snakemake/conda/43c0f0ef/bin/multiqc -i Assembler Benchmark report --filename REPORT -o . -f -p --tag assembler_benchmark --template assembler_benchmark /mnt/testscratch/lanno001/poreTallly_ecoliLoman_21081123/analysis/summary/ --data-format yaml
[2018-11-24 03:12:26,978] multiqc                                            [DEBUG  ]  Working dir : /mnt/testscratch/lanno001/poreTallly_ecoliLoman_21081123/analysis/summary
[2018-11-24 03:12:26,978] multiqc                                            [INFO   ]  Template    : assembler_benchmark
[2018-11-24 03:12:26,978] multiqc                                            [INFO   ]  Report title: Assembler Benchmark report
[2018-11-24 03:12:26,978] multiqc                                            [INFO   ]  Searching '/mnt/testscratch/lanno001/poreTallly_ecoliLoman_21081123/analysis/summary/'
[2018-11-24 03:12:26,979] multiqc                                            [INFO   ]  Only using modules with 'assembler_benchmark' tag
[2018-11-24 03:12:26,979] multiqc                                            [DEBUG  ]  Analysing modules: ab_methods_section, ab_read_quality, quast, jellyfish, mummerplot, minimap2, ab_cpu_times
[2018-11-24 03:12:26,979] multiqc                                            [DEBUG  ]  Using temporary directory for creating report: /tmp/tmp3jq96_u5
[2018-11-24 03:12:27,640] multiqc                                            [DEBUG  ]  Ignored search patterns as didn't match running modules: picard/gcbias, conpair/contamination, macs2, leehom, homer/findpeaks, picard/wgs_metrics, homer/LengthDistribution, picard/rrbs_metrics, supernova/report, qualimap/bamqc/gc_dist, htseq, skewer, bbmap/qahist, bbmap/gchist, picard/alignment_metrics, qualimap/bamqc/insert_size, interop/summary, deeptools/bamPEFragmentSize, clusterflow/runfiles, hisat2, trimmomatic, homer/tagInfo, rna_seqc/coverage, clusterflow/logs, fastqc/theoretical_gc, bbmap/ehist, supernova/molecules, samtools/flagstat, salmon/meta, samtools/stats, supernova/kmers, bismark/m_bias, deeptools/plotCoverageStdout, homer/RestrictionDistribution, slamdunk/utrrates, deeptools/plotEnrichment, bbmap/rpkm, bismark/dedup, bbmap/bhist, bismark/align, slamdunk/tcperreadpos, bbmap/aqhist, qualimap/bamqc/genome_fraction, gatk/base_recalibrator, sortmerna, homer/FreqDistribution, supernova/summary, vcftools/tstv_by_qual, rseqc/infer_experiment, rsem, prokka, fastq_screen, cutadapt, goleft_indexcov/ped, bowtie2, picard/markdups, bismark/meth_extract, deeptools/plotFingerprintOutQualityMetrics, qualimap/bamqc/coverage, peddy/summary_table, conpair/concordance, slamdunk/rates, rseqc/read_gc, picard/pcr_metrics, snpeff, gatk/varianteval, bowtie1, sargasso, bbmap/indelhist, deeptools/plotCoverageOutRawCounts, bbmap/covstats, rseqc/gene_body_coverage, picard/rnaseqmetrics, vcftools/relatedness2, bbmap/bqhist, hicexplorer, bbmap/statsfile, fastqc/data, custom_content, qualimap/bamqc/genome_results, rseqc/inner_distance, bamtools/stats, rna_seqc/metrics, samtools/rmdup, slamdunk/summary, preseq/real_counts, featurecounts, bbmap/mhist, bcftools/stats, peddy/ped_check, slamdunk/tcperutrpos, bbmap/lhist, bcl2fastq, peddy/het_check, bbmap/ihist, rseqc/junction_saturation, kallisto, rseqc/read_distribution, picard/hsmetrics, verifybamid/selfsm, star/genecounts, disambiguate, deeptools/plotFingerprintOutRawCounts, tophat, biobloomtools, vcftools/tstv_summary, homer/GCcontent, vcftools/tstv_by_count, qorts, bismark/bam2nuc, homer/genomeGCcontent, slamdunk/PCA, bbmap/bincov, rseqc/junction_annotation, flexbar, bbmap/qhist, hicup, theta2, rseqc/bam_stat, preseq, bbmap/statsfile_machine, afterqc, rna_seqc/correlation, bbmap/idhist, goleft_indexcov/roc, fastqc/zip, qualimap/rnaseq/rnaseq_results, salmon/fld, methylQA, adapterRemoval, qualimap/rnaseq/coverage, samblaster, star, interop/index-summary, deeptools/estimateReadFiltering, picard/basedistributionbycycle, picard/insertsize, samtools/idxstats, rseqc/read_duplication_pos, busco, picard/oxogmetrics, bbmap/covhist, peddy/sex_check
[2018-11-24 03:12:29,765] multiqc.modules.ab_read_quality.ab_read_quality    [INFO   ]  found nanostats file
[2018-11-24 03:12:32,074] multiqc.modules.quast.quast                        [INFO   ]  Found 5 reports
[2018-11-24 03:12:35,213] multiqc.modules.jellyfish.jellyfish                [INFO   ]  Found 0 histogram files
[2018-11-24 03:12:35,213] multiqc.modules.jellyfish.jellyfish                [INFO   ]  Found 6 count (dump) files
[2018-11-24 03:12:39,272] multiqc                                            [DEBUG  ]  No samples found: mummerplot
[2018-11-24 03:12:39,719] multiqc.modules.minimap2.minimap2                  [INFO   ]  found minimap2 coord files
[2018-11-24 03:12:41,711] multiqc.modules.ab_cpu_times.ab_cpu_times          [INFO   ]  found CPU resource files
[2018-11-24 03:12:41,763] multiqc                                            [INFO   ]  Compressing plot data
[2018-11-24 03:12:44,808] multiqc                                            [INFO   ]  Report      : multiqc_report/REPORT.html
[2018-11-24 03:12:44,808] multiqc                                            [INFO   ]  Data        : multiqc_report/REPORT_data
[2018-11-24 03:12:44,840] multiqc                                            [DEBUG  ]  Moving data file from '/tmp/tmp3jq96_u5/multiqc_data/mqc_quast_num_contigs_1.yaml' to './multiqc_report/REPORT_data'
[2018-11-24 03:12:44,900] multiqc                                            [DEBUG  ]  Moving data file from '/tmp/tmp3jq96_u5/multiqc_data/multiqc_sources.yaml' to './multiqc_report/REPORT_data'
[2018-11-24 03:12:44,937] multiqc                                            [DEBUG  ]  Moving data file from '/tmp/tmp3jq96_u5/multiqc_data/multiqc_quast.yaml' to './multiqc_report/REPORT_data'
[2018-11-24 03:12:45,044] multiqc                                            [DEBUG  ]  Moving data file from '/tmp/tmp3jq96_u5/multiqc_data/multiqc_data.json' to './multiqc_report/REPORT_data'
[2018-11-24 03:12:45,223] multiqc                                            [DEBUG  ]  Moving data file from '/tmp/tmp3jq96_u5/multiqc_data/cpu_usage.yaml' to './multiqc_report/REPORT_data'
[2018-11-24 03:12:45,259] multiqc                                            [DEBUG  ]  Moving data file from '/tmp/tmp3jq96_u5/multiqc_data/multiqc_general_stats.yaml' to './multiqc_report/REPORT_data'
[2018-11-24 03:12:45,312] multiqc                                            [DEBUG  ]  Moving data file from '/tmp/tmp3jq96_u5/multiqc_data/ab_methods.yaml' to './multiqc_report/REPORT_data'
[2018-11-24 03:12:45,402] multiqc                                            [DEBUG  ]  Moving data file from '/tmp/tmp3jq96_u5/multiqc_data/multiqc_readqual_summary.yaml' to './multiqc_report/REPORT_data'
[2018-11-24 03:12:45,488] multiqc                                            [INFO   ]  Plots       : multiqc_report/multiqc_plots
[2018-11-24 03:12:45,488] multiqc                                            [DEBUG  ]  Moving plots directory from '/tmp/tmp3jq96_u5/multiqc_plots/svg' to './multiqc_report/multiqc_plots'
[2018-11-24 03:12:45,634] multiqc                                            [DEBUG  ]  Moving plots directory from '/tmp/tmp3jq96_u5/multiqc_plots/pdf' to './multiqc_report/multiqc_plots'
[2018-11-24 03:12:45,793] multiqc                                            [DEBUG  ]  Moving plots directory from '/tmp/tmp3jq96_u5/multiqc_plots/png' to './multiqc_report/multiqc_plots'
[2018-11-24 03:12:51,632] multiqc                                            [INFO   ]  MultiQC complete
