START METHODS PRINTING
description: Minimap2 is a fast all-vs-all mapper of reads that relies on sketches of sequences, composed of minimizers. Miniasm uses the found overlaps to construct an assembly graph. As a consensus step is lacking in this pipeline, post-assembly polishing is often required. Here, nanopolish is used to polish the assembly using the raw signal.
versions:
  minimap2: 2.10-r761
  miniasm: 0.2-r128
  nanopolish: 0.9.2
END METHODS PRINTING



[M::mm_idx_gen::0.165*0.95] collected minimizers
[M::mm_idx_gen::0.204*1.31] sorted minimizers
[M::main::0.249*1.25] loaded/built the index for 9 target sequence(s)
[M::mm_idx_stat] kmer size: 15; skip: 10; is_hpc: 0; #seq: 9
[M::mm_idx_stat::0.259*1.24] distinct minimizers: 461245 (99.40% are singletons); average occurrences: 1.007; average spacing: 5.350
[M::main] Version: 2.10-r761
[M::main] CMD: minimap2 -d draft.mmi minimap2_miniasm.fasta
[M::main] Real time: 0.350 sec; CPU: 0.336 sec
[bam_sort_core] merging from 0 files and 4 in-memory blocks...
[readdb] indexing /mnt/nexenta/lanno001/nobackup/readFiles/ecoliLoman/ecoliLoman_mapped_subset2/
[readdb] num reads: 2000, num reads with path to fast5: 1000
##fileformat=VCFv4.2
##INFO=<ID=TotalReads,Number=1,Type=Integer,Description="The number of event-space reads used to call the variant">
##INFO=<ID=SupportFraction,Number=1,Type=Float,Description="The fraction of event-space reads that support the variant">
##INFO=<ID=BaseCalledReadsWithVariant,Number=1,Type=Integer,Description="The number of base-space reads that support the variant">
##INFO=<ID=BaseCalledFraction,Number=1,Type=Float,Description="The fraction of base-space reads that support the variant">
##INFO=<ID=AlleleCount,Number=1,Type=Integer,Description="The inferred number of copies of the allele">
##FORMAT=<ID=GT,Number=1,Type=String,Description="Genotype">
#CHROM	POS	ID	REF	ALT	QUAL	FILTER	INFO	FORMAT	sample
[post-run summary] total reads: 19, unparseable: 0, qc fail: 0, could not calibrate: 0, no alignment: 0, bad fast5: 19
##fileformat=VCFv4.2
##INFO=<ID=TotalReads,Number=1,Type=Integer,Description="The number of event-space reads used to call the variant">
##INFO=<ID=SupportFraction,Number=1,Type=Float,Description="The fraction of event-space reads that support the variant">
##INFO=<ID=BaseCalledReadsWithVariant,Number=1,Type=Integer,Description="The number of base-space reads that support the variant">
##INFO=<ID=BaseCalledFraction,Number=1,Type=Float,Description="The fraction of base-space reads that support the variant">
##INFO=<ID=AlleleCount,Number=1,Type=Integer,Description="The inferred number of copies of the allele">
##FORMAT=<ID=GT,Number=1,Type=String,Description="Genotype">
#CHROM	POS	ID	REF	ALT	QUAL	FILTER	INFO	FORMAT	sample
[post-run summary] total reads: 21, unparseable: 0, qc fail: 0, could not calibrate: 0, no alignment: 0, bad fast5: 21
##fileformat=VCFv4.2
##INFO=<ID=TotalReads,Number=1,Type=Integer,Description="The number of event-space reads used to call the variant">
##INFO=<ID=SupportFraction,Number=1,Type=Float,Description="The fraction of event-space reads that support the variant">
##INFO=<ID=BaseCalledReadsWithVariant,Number=1,Type=Integer,Description="The number of base-space reads that support the variant">
##INFO=<ID=BaseCalledFraction,Number=1,Type=Float,Description="The fraction of base-space reads that support the variant">
##INFO=<ID=AlleleCount,Number=1,Type=Integer,Description="The inferred number of copies of the allele">
##FORMAT=<ID=GT,Number=1,Type=String,Description="Genotype">
#CHROM	POS	ID	REF	ALT	QUAL	FILTER	INFO	FORMAT	sample
[post-run summary] total reads: 22, unparseable: 0, qc fail: 0, could not calibrate: 0, no alignment: 0, bad fast5: 22
##fileformat=VCFv4.2
##INFO=<ID=TotalReads,Number=1,Type=Integer,Description="The number of event-space reads used to call the variant">
##INFO=<ID=SupportFraction,Number=1,Type=Float,Description="The fraction of event-space reads that support the variant">
##INFO=<ID=BaseCalledReadsWithVariant,Number=1,Type=Integer,Description="The number of base-space reads that support the variant">
##INFO=<ID=BaseCalledFraction,Number=1,Type=Float,Description="The fraction of base-space reads that support the variant">
##INFO=<ID=AlleleCount,Number=1,Type=Integer,Description="The inferred number of copies of the allele">
##FORMAT=<ID=GT,Number=1,Type=String,Description="Genotype">
#CHROM	POS	ID	REF	ALT	QUAL	FILTER	INFO	FORMAT	sample
[post-run summary] total reads: 15, unparseable: 0, qc fail: 0, could not calibrate: 0, no alignment: 0, bad fast5: 15
##fileformat=VCFv4.2
##INFO=<ID=TotalReads,Number=1,Type=Integer,Description="The number of event-space reads used to call the variant">
##INFO=<ID=SupportFraction,Number=1,Type=Float,Description="The fraction of event-space reads that support the variant">
##INFO=<ID=BaseCalledReadsWithVariant,Number=1,Type=Integer,Description="The number of base-space reads that support the variant">
##INFO=<ID=BaseCalledFraction,Number=1,Type=Float,Description="The fraction of base-space reads that support the variant">
##INFO=<ID=AlleleCount,Number=1,Type=Integer,Description="The inferred number of copies of the allele">
##FORMAT=<ID=GT,Number=1,Type=String,Description="Genotype">
#CHROM	POS	ID	REF	ALT	QUAL	FILTER	INFO	FORMAT	sample
[post-run summary] total reads: 9, unparseable: 0, qc fail: 0, could not calibrate: 0, no alignment: 0, bad fast5: 9
##fileformat=VCFv4.2
##INFO=<ID=TotalReads,Number=1,Type=Integer,Description="The number of event-space reads used to call the variant">
##INFO=<ID=SupportFraction,Number=1,Type=Float,Description="The fraction of event-space reads that support the variant">
##INFO=<ID=BaseCalledReadsWithVariant,Number=1,Type=Integer,Description="The number of base-space reads that support the variant">
##INFO=<ID=BaseCalledFraction,Number=1,Type=Float,Description="The fraction of base-space reads that support the variant">
##INFO=<ID=AlleleCount,Number=1,Type=Integer,Description="The inferred number of copies of the allele">
##FORMAT=<ID=GT,Number=1,Type=String,Description="Genotype">
#CHROM	POS	ID	REF	ALT	QUAL	FILTER	INFO	FORMAT	sample
[post-run summary] total reads: 21, unparseable: 0, qc fail: 0, could not calibrate: 0, no alignment: 0, bad fast5: 21
##fileformat=VCFv4.2
##INFO=<ID=TotalReads,Number=1,Type=Integer,Description="The number of event-space reads used to call the variant">
##INFO=<ID=SupportFraction,Number=1,Type=Float,Description="The fraction of event-space reads that support the variant">
##INFO=<ID=BaseCalledReadsWithVariant,Number=1,Type=Integer,Description="The number of base-space reads that support the variant">
##INFO=<ID=BaseCalledFraction,Number=1,Type=Float,Description="The fraction of base-space reads that support the variant">
##INFO=<ID=AlleleCount,Number=1,Type=Integer,Description="The inferred number of copies of the allele">
##FORMAT=<ID=GT,Number=1,Type=String,Description="Genotype">
#CHROM	POS	ID	REF	ALT	QUAL	FILTER	INFO	FORMAT	sample
[post-run summary] total reads: 19, unparseable: 0, qc fail: 0, could not calibrate: 0, no alignment: 0, bad fast5: 19
##fileformat=VCFv4.2
##INFO=<ID=TotalReads,Number=1,Type=Integer,Description="The number of event-space reads used to call the variant">
##INFO=<ID=SupportFraction,Number=1,Type=Float,Description="The fraction of event-space reads that support the variant">
##INFO=<ID=BaseCalledReadsWithVariant,Number=1,Type=Integer,Description="The number of base-space reads that support the variant">
##INFO=<ID=BaseCalledFraction,Number=1,Type=Float,Description="The fraction of base-space reads that support the variant">
##INFO=<ID=AlleleCount,Number=1,Type=Integer,Description="The inferred number of copies of the allele">
##FORMAT=<ID=GT,Number=1,Type=String,Description="Genotype">
#CHROM	POS	ID	REF	ALT	QUAL	FILTER	INFO	FORMAT	sample
[post-run summary] total reads: 34, unparseable: 0, qc fail: 0, could not calibrate: 0, no alignment: 0, bad fast5: 34
##fileformat=VCFv4.2
##INFO=<ID=TotalReads,Number=1,Type=Integer,Description="The number of event-space reads used to call the variant">
##INFO=<ID=SupportFraction,Number=1,Type=Float,Description="The fraction of event-space reads that support the variant">
##INFO=<ID=BaseCalledReadsWithVariant,Number=1,Type=Integer,Description="The number of base-space reads that support the variant">
##INFO=<ID=BaseCalledFraction,Number=1,Type=Float,Description="The fraction of base-space reads that support the variant">
##INFO=<ID=AlleleCount,Number=1,Type=Integer,Description="The inferred number of copies of the allele">
##FORMAT=<ID=GT,Number=1,Type=String,Description="Genotype">
#CHROM	POS	ID	REF	ALT	QUAL	FILTER	INFO	FORMAT	sample
[post-run summary] total reads: 21, unparseable: 0, qc fail: 0, could not calibrate: 0, no alignment: 0, bad fast5: 21
##fileformat=VCFv4.2
##INFO=<ID=TotalReads,Number=1,Type=Integer,Description="The number of event-space reads used to call the variant">
##INFO=<ID=SupportFraction,Number=1,Type=Float,Description="The fraction of event-space reads that support the variant">
##INFO=<ID=BaseCalledReadsWithVariant,Number=1,Type=Integer,Description="The number of base-space reads that support the variant">
##INFO=<ID=BaseCalledFraction,Number=1,Type=Float,Description="The fraction of base-space reads that support the variant">
##INFO=<ID=AlleleCount,Number=1,Type=Integer,Description="The inferred number of copies of the allele">
##FORMAT=<ID=GT,Number=1,Type=String,Description="Genotype">
#CHROM	POS	ID	REF	ALT	QUAL	FILTER	INFO	FORMAT	sample
[post-run summary] total reads: 72, unparseable: 0, qc fail: 0, could not calibrate: 0, no alignment: 0, bad fast5: 72
##fileformat=VCFv4.2
##INFO=<ID=TotalReads,Number=1,Type=Integer,Description="The number of event-space reads used to call the variant">
##INFO=<ID=SupportFraction,Number=1,Type=Float,Description="The fraction of event-space reads that support the variant">
##INFO=<ID=BaseCalledReadsWithVariant,Number=1,Type=Integer,Description="The number of base-space reads that support the variant">
##INFO=<ID=BaseCalledFraction,Number=1,Type=Float,Description="The fraction of base-space reads that support the variant">
##INFO=<ID=AlleleCount,Number=1,Type=Integer,Description="The inferred number of copies of the allele">
##FORMAT=<ID=GT,Number=1,Type=String,Description="Genotype">
#CHROM	POS	ID	REF	ALT	QUAL	FILTER	INFO	FORMAT	sample
[post-run summary] total reads: 24, unparseable: 0, qc fail: 0, could not calibrate: 0, no alignment: 0, bad fast5: 24
##fileformat=VCFv4.2
##INFO=<ID=TotalReads,Number=1,Type=Integer,Description="The number of event-space reads used to call the variant">
##INFO=<ID=SupportFraction,Number=1,Type=Float,Description="The fraction of event-space reads that support the variant">
##INFO=<ID=BaseCalledReadsWithVariant,Number=1,Type=Integer,Description="The number of base-space reads that support the variant">
##INFO=<ID=BaseCalledFraction,Number=1,Type=Float,Description="The fraction of base-space reads that support the variant">
##INFO=<ID=AlleleCount,Number=1,Type=Integer,Description="The inferred number of copies of the allele">
##FORMAT=<ID=GT,Number=1,Type=String,Description="Genotype">
#CHROM	POS	ID	REF	ALT	QUAL	FILTER	INFO	FORMAT	sample
[post-run summary] total reads: 18, unparseable: 0, qc fail: 0, could not calibrate: 0, no alignment: 0, bad fast5: 18
##fileformat=VCFv4.2
##INFO=<ID=TotalReads,Number=1,Type=Integer,Description="The number of event-space reads used to call the variant">
##INFO=<ID=SupportFraction,Number=1,Type=Float,Description="The fraction of event-space reads that support the variant">
##INFO=<ID=BaseCalledReadsWithVariant,Number=1,Type=Integer,Description="The number of base-space reads that support the variant">
##INFO=<ID=BaseCalledFraction,Number=1,Type=Float,Description="The fraction of base-space reads that support the variant">
##INFO=<ID=AlleleCount,Number=1,Type=Integer,Description="The inferred number of copies of the allele">
##FORMAT=<ID=GT,Number=1,Type=String,Description="Genotype">
#CHROM	POS	ID	REF	ALT	QUAL	FILTER	INFO	FORMAT	sample
[post-run summary] total reads: 16, unparseable: 0, qc fail: 0, could not calibrate: 0, no alignment: 0, bad fast5: 16
##fileformat=VCFv4.2
##INFO=<ID=TotalReads,Number=1,Type=Integer,Description="The number of event-space reads used to call the variant">
##INFO=<ID=SupportFraction,Number=1,Type=Float,Description="The fraction of event-space reads that support the variant">
##INFO=<ID=BaseCalledReadsWithVariant,Number=1,Type=Integer,Description="The number of base-space reads that support the variant">
##INFO=<ID=BaseCalledFraction,Number=1,Type=Float,Description="The fraction of base-space reads that support the variant">
##INFO=<ID=AlleleCount,Number=1,Type=Integer,Description="The inferred number of copies of the allele">
##FORMAT=<ID=GT,Number=1,Type=String,Description="Genotype">
#CHROM	POS	ID	REF	ALT	QUAL	FILTER	INFO	FORMAT	sample
[post-run summary] total reads: 36, unparseable: 0, qc fail: 0, could not calibrate: 0, no alignment: 0, bad fast5: 36
##fileformat=VCFv4.2
##INFO=<ID=TotalReads,Number=1,Type=Integer,Description="The number of event-space reads used to call the variant">
##INFO=<ID=SupportFraction,Number=1,Type=Float,Description="The fraction of event-space reads that support the variant">
##INFO=<ID=BaseCalledReadsWithVariant,Number=1,Type=Integer,Description="The number of base-space reads that support the variant">
##INFO=<ID=BaseCalledFraction,Number=1,Type=Float,Description="The fraction of base-space reads that support the variant">
##INFO=<ID=AlleleCount,Number=1,Type=Integer,Description="The inferred number of copies of the allele">
##FORMAT=<ID=GT,Number=1,Type=String,Description="Genotype">
#CHROM	POS	ID	REF	ALT	QUAL	FILTER	INFO	FORMAT	sample
[post-run summary] total reads: 41, unparseable: 0, qc fail: 0, could not calibrate: 0, no alignment: 0, bad fast5: 41
##fileformat=VCFv4.2
##INFO=<ID=TotalReads,Number=1,Type=Integer,Description="The number of event-space reads used to call the variant">
##INFO=<ID=SupportFraction,Number=1,Type=Float,Description="The fraction of event-space reads that support the variant">
##INFO=<ID=BaseCalledReadsWithVariant,Number=1,Type=Integer,Description="The number of base-space reads that support the variant">
##INFO=<ID=BaseCalledFraction,Number=1,Type=Float,Description="The fraction of base-space reads that support the variant">
##INFO=<ID=AlleleCount,Number=1,Type=Integer,Description="The inferred number of copies of the allele">
##FORMAT=<ID=GT,Number=1,Type=String,Description="Genotype">
#CHROM	POS	ID	REF	ALT	QUAL	FILTER	INFO	FORMAT	sample
[post-run summary] total reads: 11, unparseable: 0, qc fail: 0, could not calibrate: 0, no alignment: 0, bad fast5: 11
##fileformat=VCFv4.2
##INFO=<ID=TotalReads,Number=1,Type=Integer,Description="The number of event-space reads used to call the variant">
##INFO=<ID=SupportFraction,Number=1,Type=Float,Description="The fraction of event-space reads that support the variant">
##INFO=<ID=BaseCalledReadsWithVariant,Number=1,Type=Integer,Description="The number of base-space reads that support the variant">
##INFO=<ID=BaseCalledFraction,Number=1,Type=Float,Description="The fraction of base-space reads that support the variant">
##INFO=<ID=AlleleCount,Number=1,Type=Integer,Description="The inferred number of copies of the allele">
##FORMAT=<ID=GT,Number=1,Type=String,Description="Genotype">
#CHROM	POS	ID	REF	ALT	QUAL	FILTER	INFO	FORMAT	sample
[post-run summary] total reads: 22, unparseable: 0, qc fail: 0, could not calibrate: 0, no alignment: 0, bad fast5: 22
##fileformat=VCFv4.2
##INFO=<ID=TotalReads,Number=1,Type=Integer,Description="The number of event-space reads used to call the variant">
##INFO=<ID=SupportFraction,Number=1,Type=Float,Description="The fraction of event-space reads that support the variant">
##INFO=<ID=BaseCalledReadsWithVariant,Number=1,Type=Integer,Description="The number of base-space reads that support the variant">
##INFO=<ID=BaseCalledFraction,Number=1,Type=Float,Description="The fraction of base-space reads that support the variant">
##INFO=<ID=AlleleCount,Number=1,Type=Integer,Description="The inferred number of copies of the allele">
##FORMAT=<ID=GT,Number=1,Type=String,Description="Genotype">
#CHROM	POS	ID	REF	ALT	QUAL	FILTER	INFO	FORMAT	sample
[post-run summary] total reads: 24, unparseable: 0, qc fail: 0, could not calibrate: 0, no alignment: 0, bad fast5: 24
##fileformat=VCFv4.2
##INFO=<ID=TotalReads,Number=1,Type=Integer,Description="The number of event-space reads used to call the variant">
##INFO=<ID=SupportFraction,Number=1,Type=Float,Description="The fraction of event-space reads that support the variant">
##INFO=<ID=BaseCalledReadsWithVariant,Number=1,Type=Integer,Description="The number of base-space reads that support the variant">
##INFO=<ID=BaseCalledFraction,Number=1,Type=Float,Description="The fraction of base-space reads that support the variant">
##INFO=<ID=AlleleCount,Number=1,Type=Integer,Description="The inferred number of copies of the allele">
##FORMAT=<ID=GT,Number=1,Type=String,Description="Genotype">
#CHROM	POS	ID	REF	ALT	QUAL	FILTER	INFO	FORMAT	sample
[post-run summary] total reads: 26, unparseable: 0, qc fail: 0, could not calibrate: 0, no alignment: 0, bad fast5: 26
##fileformat=VCFv4.2
##INFO=<ID=TotalReads,Number=1,Type=Integer,Description="The number of event-space reads used to call the variant">
##INFO=<ID=SupportFraction,Number=1,Type=Float,Description="The fraction of event-space reads that support the variant">
##INFO=<ID=BaseCalledReadsWithVariant,Number=1,Type=Integer,Description="The number of base-space reads that support the variant">
##INFO=<ID=BaseCalledFraction,Number=1,Type=Float,Description="The fraction of base-space reads that support the variant">
##INFO=<ID=AlleleCount,Number=1,Type=Integer,Description="The inferred number of copies of the allele">
##FORMAT=<ID=GT,Number=1,Type=String,Description="Genotype">
#CHROM	POS	ID	REF	ALT	QUAL	FILTER	INFO	FORMAT	sample
[post-run summary] total reads: 25, unparseable: 0, qc fail: 0, could not calibrate: 0, no alignment: 0, bad fast5: 25
##fileformat=VCFv4.2
##INFO=<ID=TotalReads,Number=1,Type=Integer,Description="The number of event-space reads used to call the variant">
##INFO=<ID=SupportFraction,Number=1,Type=Float,Description="The fraction of event-space reads that support the variant">
##INFO=<ID=BaseCalledReadsWithVariant,Number=1,Type=Integer,Description="The number of base-space reads that support the variant">
##INFO=<ID=BaseCalledFraction,Number=1,Type=Float,Description="The fraction of base-space reads that support the variant">
##INFO=<ID=AlleleCount,Number=1,Type=Integer,Description="The inferred number of copies of the allele">
##FORMAT=<ID=GT,Number=1,Type=String,Description="Genotype">
#CHROM	POS	ID	REF	ALT	QUAL	FILTER	INFO	FORMAT	sample
[post-run summary] total reads: 42, unparseable: 0, qc fail: 0, could not calibrate: 0, no alignment: 0, bad fast5: 42
##fileformat=VCFv4.2
##INFO=<ID=TotalReads,Number=1,Type=Integer,Description="The number of event-space reads used to call the variant">
##INFO=<ID=SupportFraction,Number=1,Type=Float,Description="The fraction of event-space reads that support the variant">
##INFO=<ID=BaseCalledReadsWithVariant,Number=1,Type=Integer,Description="The number of base-space reads that support the variant">
##INFO=<ID=BaseCalledFraction,Number=1,Type=Float,Description="The fraction of base-space reads that support the variant">
##INFO=<ID=AlleleCount,Number=1,Type=Integer,Description="The inferred number of copies of the allele">
##FORMAT=<ID=GT,Number=1,Type=String,Description="Genotype">
#CHROM	POS	ID	REF	ALT	QUAL	FILTER	INFO	FORMAT	sample
[post-run summary] total reads: 7, unparseable: 0, qc fail: 0, could not calibrate: 0, no alignment: 0, bad fast5: 7
##fileformat=VCFv4.2
##INFO=<ID=TotalReads,Number=1,Type=Integer,Description="The number of event-space reads used to call the variant">
##INFO=<ID=SupportFraction,Number=1,Type=Float,Description="The fraction of event-space reads that support the variant">
##INFO=<ID=BaseCalledReadsWithVariant,Number=1,Type=Integer,Description="The number of base-space reads that support the variant">
##INFO=<ID=BaseCalledFraction,Number=1,Type=Float,Description="The fraction of base-space reads that support the variant">
##INFO=<ID=AlleleCount,Number=1,Type=Integer,Description="The inferred number of copies of the allele">
##FORMAT=<ID=GT,Number=1,Type=String,Description="Genotype">
#CHROM	POS	ID	REF	ALT	QUAL	FILTER	INFO	FORMAT	sample
[post-run summary] total reads: 27, unparseable: 0, qc fail: 0, could not calibrate: 0, no alignment: 0, bad fast5: 27
##fileformat=VCFv4.2
##INFO=<ID=TotalReads,Number=1,Type=Integer,Description="The number of event-space reads used to call the variant">
##INFO=<ID=SupportFraction,Number=1,Type=Float,Description="The fraction of event-space reads that support the variant">
##INFO=<ID=BaseCalledReadsWithVariant,Number=1,Type=Integer,Description="The number of base-space reads that support the variant">
##INFO=<ID=BaseCalledFraction,Number=1,Type=Float,Description="The fraction of base-space reads that support the variant">
##INFO=<ID=AlleleCount,Number=1,Type=Integer,Description="The inferred number of copies of the allele">
##FORMAT=<ID=GT,Number=1,Type=String,Description="Genotype">
#CHROM	POS	ID	REF	ALT	QUAL	FILTER	INFO	FORMAT	sample
[post-run summary] total reads: 19, unparseable: 0, qc fail: 0, could not calibrate: 0, no alignment: 0, bad fast5: 19
##fileformat=VCFv4.2
##INFO=<ID=TotalReads,Number=1,Type=Integer,Description="The number of event-space reads used to call the variant">
##INFO=<ID=SupportFraction,Number=1,Type=Float,Description="The fraction of event-space reads that support the variant">
##INFO=<ID=BaseCalledReadsWithVariant,Number=1,Type=Integer,Description="The number of base-space reads that support the variant">
##INFO=<ID=BaseCalledFraction,Number=1,Type=Float,Description="The fraction of base-space reads that support the variant">
##INFO=<ID=AlleleCount,Number=1,Type=Integer,Description="The inferred number of copies of the allele">
##FORMAT=<ID=GT,Number=1,Type=String,Description="Genotype">
#CHROM	POS	ID	REF	ALT	QUAL	FILTER	INFO	FORMAT	sample
[post-run summary] total reads: 16, unparseable: 0, qc fail: 0, could not calibrate: 0, no alignment: 0, bad fast5: 16
##fileformat=VCFv4.2
##INFO=<ID=TotalReads,Number=1,Type=Integer,Description="The number of event-space reads used to call the variant">
##INFO=<ID=SupportFraction,Number=1,Type=Float,Description="The fraction of event-space reads that support the variant">
##INFO=<ID=BaseCalledReadsWithVariant,Number=1,Type=Integer,Description="The number of base-space reads that support the variant">
##INFO=<ID=BaseCalledFraction,Number=1,Type=Float,Description="The fraction of base-space reads that support the variant">
##INFO=<ID=AlleleCount,Number=1,Type=Integer,Description="The inferred number of copies of the allele">
##FORMAT=<ID=GT,Number=1,Type=String,Description="Genotype">
#CHROM	POS	ID	REF	ALT	QUAL	FILTER	INFO	FORMAT	sample
[post-run summary] total reads: 21, unparseable: 0, qc fail: 0, could not calibrate: 0, no alignment: 0, bad fast5: 21
##fileformat=VCFv4.2
##INFO=<ID=TotalReads,Number=1,Type=Integer,Description="The number of event-space reads used to call the variant">
##INFO=<ID=SupportFraction,Number=1,Type=Float,Description="The fraction of event-space reads that support the variant">
##INFO=<ID=BaseCalledReadsWithVariant,Number=1,Type=Integer,Description="The number of base-space reads that support the variant">
##INFO=<ID=BaseCalledFraction,Number=1,Type=Float,Description="The fraction of base-space reads that support the variant">
##INFO=<ID=AlleleCount,Number=1,Type=Integer,Description="The inferred number of copies of the allele">
##FORMAT=<ID=GT,Number=1,Type=String,Description="Genotype">
#CHROM	POS	ID	REF	ALT	QUAL	FILTER	INFO	FORMAT	sample
[post-run summary] total reads: 26, unparseable: 0, qc fail: 0, could not calibrate: 0, no alignment: 0, bad fast5: 26
##fileformat=VCFv4.2
##INFO=<ID=TotalReads,Number=1,Type=Integer,Description="The number of event-space reads used to call the variant">
##INFO=<ID=SupportFraction,Number=1,Type=Float,Description="The fraction of event-space reads that support the variant">
##INFO=<ID=BaseCalledReadsWithVariant,Number=1,Type=Integer,Description="The number of base-space reads that support the variant">
##INFO=<ID=BaseCalledFraction,Number=1,Type=Float,Description="The fraction of base-space reads that support the variant">
##INFO=<ID=AlleleCount,Number=1,Type=Integer,Description="The inferred number of copies of the allele">
##FORMAT=<ID=GT,Number=1,Type=String,Description="Genotype">
#CHROM	POS	ID	REF	ALT	QUAL	FILTER	INFO	FORMAT	sample
[post-run summary] total reads: 27, unparseable: 0, qc fail: 0, could not calibrate: 0, no alignment: 0, bad fast5: 27
##fileformat=VCFv4.2
##INFO=<ID=TotalReads,Number=1,Type=Integer,Description="The number of event-space reads used to call the variant">
##INFO=<ID=SupportFraction,Number=1,Type=Float,Description="The fraction of event-space reads that support the variant">
##INFO=<ID=BaseCalledReadsWithVariant,Number=1,Type=Integer,Description="The number of base-space reads that support the variant">
##INFO=<ID=BaseCalledFraction,Number=1,Type=Float,Description="The fraction of base-space reads that support the variant">
##INFO=<ID=AlleleCount,Number=1,Type=Integer,Description="The inferred number of copies of the allele">
##FORMAT=<ID=GT,Number=1,Type=String,Description="Genotype">
#CHROM	POS	ID	REF	ALT	QUAL	FILTER	INFO	FORMAT	sample
[post-run summary] total reads: 28, unparseable: 0, qc fail: 0, could not calibrate: 0, no alignment: 0, bad fast5: 28
##fileformat=VCFv4.2
##INFO=<ID=TotalReads,Number=1,Type=Integer,Description="The number of event-space reads used to call the variant">
##INFO=<ID=SupportFraction,Number=1,Type=Float,Description="The fraction of event-space reads that support the variant">
##INFO=<ID=BaseCalledReadsWithVariant,Number=1,Type=Integer,Description="The number of base-space reads that support the variant">
##INFO=<ID=BaseCalledFraction,Number=1,Type=Float,Description="The fraction of base-space reads that support the variant">
##INFO=<ID=AlleleCount,Number=1,Type=Integer,Description="The inferred number of copies of the allele">
##FORMAT=<ID=GT,Number=1,Type=String,Description="Genotype">
#CHROM	POS	ID	REF	ALT	QUAL	FILTER	INFO	FORMAT	sample
[post-run summary] total reads: 24, unparseable: 0, qc fail: 0, could not calibrate: 0, no alignment: 0, bad fast5: 24
##fileformat=VCFv4.2
##INFO=<ID=TotalReads,Number=1,Type=Integer,Description="The number of event-space reads used to call the variant">
##INFO=<ID=SupportFraction,Number=1,Type=Float,Description="The fraction of event-space reads that support the variant">
##INFO=<ID=BaseCalledReadsWithVariant,Number=1,Type=Integer,Description="The number of base-space reads that support the variant">
##INFO=<ID=BaseCalledFraction,Number=1,Type=Float,Description="The fraction of base-space reads that support the variant">
##INFO=<ID=AlleleCount,Number=1,Type=Integer,Description="The inferred number of copies of the allele">
##FORMAT=<ID=GT,Number=1,Type=String,Description="Genotype">
#CHROM	POS	ID	REF	ALT	QUAL	FILTER	INFO	FORMAT	sample
[post-run summary] total reads: 24, unparseable: 0, qc fail: 0, could not calibrate: 0, no alignment: 0, bad fast5: 24
##fileformat=VCFv4.2
##INFO=<ID=TotalReads,Number=1,Type=Integer,Description="The number of event-space reads used to call the variant">
##INFO=<ID=SupportFraction,Number=1,Type=Float,Description="The fraction of event-space reads that support the variant">
##INFO=<ID=BaseCalledReadsWithVariant,Number=1,Type=Integer,Description="The number of base-space reads that support the variant">
##INFO=<ID=BaseCalledFraction,Number=1,Type=Float,Description="The fraction of base-space reads that support the variant">
##INFO=<ID=AlleleCount,Number=1,Type=Integer,Description="The inferred number of copies of the allele">
##FORMAT=<ID=GT,Number=1,Type=String,Description="Genotype">
#CHROM	POS	ID	REF	ALT	QUAL	FILTER	INFO	FORMAT	sample
[post-run summary] total reads: 26, unparseable: 0, qc fail: 0, could not calibrate: 0, no alignment: 0, bad fast5: 26
##fileformat=VCFv4.2
##INFO=<ID=TotalReads,Number=1,Type=Integer,Description="The number of event-space reads used to call the variant">
##INFO=<ID=SupportFraction,Number=1,Type=Float,Description="The fraction of event-space reads that support the variant">
##INFO=<ID=BaseCalledReadsWithVariant,Number=1,Type=Integer,Description="The number of base-space reads that support the variant">
##INFO=<ID=BaseCalledFraction,Number=1,Type=Float,Description="The fraction of base-space reads that support the variant">
##INFO=<ID=AlleleCount,Number=1,Type=Integer,Description="The inferred number of copies of the allele">
##FORMAT=<ID=GT,Number=1,Type=String,Description="Genotype">
#CHROM	POS	ID	REF	ALT	QUAL	FILTER	INFO	FORMAT	sample
[post-run summary] total reads: 29, unparseable: 0, qc fail: 0, could not calibrate: 0, no alignment: 0, bad fast5: 29
##fileformat=VCFv4.2
##INFO=<ID=TotalReads,Number=1,Type=Integer,Description="The number of event-space reads used to call the variant">
##INFO=<ID=SupportFraction,Number=1,Type=Float,Description="The fraction of event-space reads that support the variant">
##INFO=<ID=BaseCalledReadsWithVariant,Number=1,Type=Integer,Description="The number of base-space reads that support the variant">
##INFO=<ID=BaseCalledFraction,Number=1,Type=Float,Description="The fraction of base-space reads that support the variant">
##INFO=<ID=AlleleCount,Number=1,Type=Integer,Description="The inferred number of copies of the allele">
##FORMAT=<ID=GT,Number=1,Type=String,Description="Genotype">
#CHROM	POS	ID	REF	ALT	QUAL	FILTER	INFO	FORMAT	sample
[post-run summary] total reads: 21, unparseable: 0, qc fail: 0, could not calibrate: 0, no alignment: 0, bad fast5: 21
##fileformat=VCFv4.2
##INFO=<ID=TotalReads,Number=1,Type=Integer,Description="The number of event-space reads used to call the variant">
##INFO=<ID=SupportFraction,Number=1,Type=Float,Description="The fraction of event-space reads that support the variant">
##INFO=<ID=BaseCalledReadsWithVariant,Number=1,Type=Integer,Description="The number of base-space reads that support the variant">
##INFO=<ID=BaseCalledFraction,Number=1,Type=Float,Description="The fraction of base-space reads that support the variant">
##INFO=<ID=AlleleCount,Number=1,Type=Integer,Description="The inferred number of copies of the allele">
##FORMAT=<ID=GT,Number=1,Type=String,Description="Genotype">
#CHROM	POS	ID	REF	ALT	QUAL	FILTER	INFO	FORMAT	sample
[post-run summary] total reads: 19, unparseable: 0, qc fail: 0, could not calibrate: 0, no alignment: 0, bad fast5: 19
##fileformat=VCFv4.2
##INFO=<ID=TotalReads,Number=1,Type=Integer,Description="The number of event-space reads used to call the variant">
##INFO=<ID=SupportFraction,Number=1,Type=Float,Description="The fraction of event-space reads that support the variant">
##INFO=<ID=BaseCalledReadsWithVariant,Number=1,Type=Integer,Description="The number of base-space reads that support the variant">
##INFO=<ID=BaseCalledFraction,Number=1,Type=Float,Description="The fraction of base-space reads that support the variant">
##INFO=<ID=AlleleCount,Number=1,Type=Integer,Description="The inferred number of copies of the allele">
##FORMAT=<ID=GT,Number=1,Type=String,Description="Genotype">
#CHROM	POS	ID	REF	ALT	QUAL	FILTER	INFO	FORMAT	sample
[post-run summary] total reads: 16, unparseable: 0, qc fail: 0, could not calibrate: 0, no alignment: 0, bad fast5: 16
##fileformat=VCFv4.2
##INFO=<ID=TotalReads,Number=1,Type=Integer,Description="The number of event-space reads used to call the variant">
##INFO=<ID=SupportFraction,Number=1,Type=Float,Description="The fraction of event-space reads that support the variant">
##INFO=<ID=BaseCalledReadsWithVariant,Number=1,Type=Integer,Description="The number of base-space reads that support the variant">
##INFO=<ID=BaseCalledFraction,Number=1,Type=Float,Description="The fraction of base-space reads that support the variant">
##INFO=<ID=AlleleCount,Number=1,Type=Integer,Description="The inferred number of copies of the allele">
##FORMAT=<ID=GT,Number=1,Type=String,Description="Genotype">
#CHROM	POS	ID	REF	ALT	QUAL	FILTER	INFO	FORMAT	sample
[post-run summary] total reads: 18, unparseable: 0, qc fail: 0, could not calibrate: 0, no alignment: 0, bad fast5: 18
##fileformat=VCFv4.2
##INFO=<ID=TotalReads,Number=1,Type=Integer,Description="The number of event-space reads used to call the variant">
##INFO=<ID=SupportFraction,Number=1,Type=Float,Description="The fraction of event-space reads that support the variant">
##INFO=<ID=BaseCalledReadsWithVariant,Number=1,Type=Integer,Description="The number of base-space reads that support the variant">
##INFO=<ID=BaseCalledFraction,Number=1,Type=Float,Description="The fraction of base-space reads that support the variant">
##INFO=<ID=AlleleCount,Number=1,Type=Integer,Description="The inferred number of copies of the allele">
##FORMAT=<ID=GT,Number=1,Type=String,Description="Genotype">
#CHROM	POS	ID	REF	ALT	QUAL	FILTER	INFO	FORMAT	sample
[post-run summary] total reads: 19, unparseable: 0, qc fail: 0, could not calibrate: 0, no alignment: 0, bad fast5: 19
##fileformat=VCFv4.2
##INFO=<ID=TotalReads,Number=1,Type=Integer,Description="The number of event-space reads used to call the variant">
##INFO=<ID=SupportFraction,Number=1,Type=Float,Description="The fraction of event-space reads that support the variant">
##INFO=<ID=BaseCalledReadsWithVariant,Number=1,Type=Integer,Description="The number of base-space reads that support the variant">
##INFO=<ID=BaseCalledFraction,Number=1,Type=Float,Description="The fraction of base-space reads that support the variant">
##INFO=<ID=AlleleCount,Number=1,Type=Integer,Description="The inferred number of copies of the allele">
##FORMAT=<ID=GT,Number=1,Type=String,Description="Genotype">
#CHROM	POS	ID	REF	ALT	QUAL	FILTER	INFO	FORMAT	sample
[post-run summary] total reads: 27, unparseable: 0, qc fail: 0, could not calibrate: 0, no alignment: 0, bad fast5: 27
##fileformat=VCFv4.2
##INFO=<ID=TotalReads,Number=1,Type=Integer,Description="The number of event-space reads used to call the variant">
##INFO=<ID=SupportFraction,Number=1,Type=Float,Description="The fraction of event-space reads that support the variant">
##INFO=<ID=BaseCalledReadsWithVariant,Number=1,Type=Integer,Description="The number of base-space reads that support the variant">
##INFO=<ID=BaseCalledFraction,Number=1,Type=Float,Description="The fraction of base-space reads that support the variant">
##INFO=<ID=AlleleCount,Number=1,Type=Integer,Description="The inferred number of copies of the allele">
##FORMAT=<ID=GT,Number=1,Type=String,Description="Genotype">
#CHROM	POS	ID	REF	ALT	QUAL	FILTER	INFO	FORMAT	sample
[post-run summary] total reads: 17, unparseable: 0, qc fail: 0, could not calibrate: 0, no alignment: 0, bad fast5: 17
##fileformat=VCFv4.2
##INFO=<ID=TotalReads,Number=1,Type=Integer,Description="The number of event-space reads used to call the variant">
##INFO=<ID=SupportFraction,Number=1,Type=Float,Description="The fraction of event-space reads that support the variant">
##INFO=<ID=BaseCalledReadsWithVariant,Number=1,Type=Integer,Description="The number of base-space reads that support the variant">
##INFO=<ID=BaseCalledFraction,Number=1,Type=Float,Description="The fraction of base-space reads that support the variant">
##INFO=<ID=AlleleCount,Number=1,Type=Integer,Description="The inferred number of copies of the allele">
##FORMAT=<ID=GT,Number=1,Type=String,Description="Genotype">
#CHROM	POS	ID	REF	ALT	QUAL	FILTER	INFO	FORMAT	sample
[post-run summary] total reads: 20, unparseable: 0, qc fail: 0, could not calibrate: 0, no alignment: 0, bad fast5: 20
##fileformat=VCFv4.2
##INFO=<ID=TotalReads,Number=1,Type=Integer,Description="The number of event-space reads used to call the variant">
##INFO=<ID=SupportFraction,Number=1,Type=Float,Description="The fraction of event-space reads that support the variant">
##INFO=<ID=BaseCalledReadsWithVariant,Number=1,Type=Integer,Description="The number of base-space reads that support the variant">
##INFO=<ID=BaseCalledFraction,Number=1,Type=Float,Description="The fraction of base-space reads that support the variant">
##INFO=<ID=AlleleCount,Number=1,Type=Integer,Description="The inferred number of copies of the allele">
##FORMAT=<ID=GT,Number=1,Type=String,Description="Genotype">
#CHROM	POS	ID	REF	ALT	QUAL	FILTER	INFO	FORMAT	sample
[post-run summary] total reads: 19, unparseable: 0, qc fail: 0, could not calibrate: 0, no alignment: 0, bad fast5: 19
##fileformat=VCFv4.2
##INFO=<ID=TotalReads,Number=1,Type=Integer,Description="The number of event-space reads used to call the variant">
##INFO=<ID=SupportFraction,Number=1,Type=Float,Description="The fraction of event-space reads that support the variant">
##INFO=<ID=BaseCalledReadsWithVariant,Number=1,Type=Integer,Description="The number of base-space reads that support the variant">
##INFO=<ID=BaseCalledFraction,Number=1,Type=Float,Description="The fraction of base-space reads that support the variant">
##INFO=<ID=AlleleCount,Number=1,Type=Integer,Description="The inferred number of copies of the allele">
##FORMAT=<ID=GT,Number=1,Type=String,Description="Genotype">
#CHROM	POS	ID	REF	ALT	QUAL	FILTER	INFO	FORMAT	sample
[post-run summary] total reads: 20, unparseable: 0, qc fail: 0, could not calibrate: 0, no alignment: 0, bad fast5: 20
##fileformat=VCFv4.2
##INFO=<ID=TotalReads,Number=1,Type=Integer,Description="The number of event-space reads used to call the variant">
##INFO=<ID=SupportFraction,Number=1,Type=Float,Description="The fraction of event-space reads that support the variant">
##INFO=<ID=BaseCalledReadsWithVariant,Number=1,Type=Integer,Description="The number of base-space reads that support the variant">
##INFO=<ID=BaseCalledFraction,Number=1,Type=Float,Description="The fraction of base-space reads that support the variant">
##INFO=<ID=AlleleCount,Number=1,Type=Integer,Description="The inferred number of copies of the allele">
##FORMAT=<ID=GT,Number=1,Type=String,Description="Genotype">
#CHROM	POS	ID	REF	ALT	QUAL	FILTER	INFO	FORMAT	sample
[post-run summary] total reads: 22, unparseable: 0, qc fail: 0, could not calibrate: 0, no alignment: 0, bad fast5: 22
##fileformat=VCFv4.2
##INFO=<ID=TotalReads,Number=1,Type=Integer,Description="The number of event-space reads used to call the variant">
##INFO=<ID=SupportFraction,Number=1,Type=Float,Description="The fraction of event-space reads that support the variant">
##INFO=<ID=BaseCalledReadsWithVariant,Number=1,Type=Integer,Description="The number of base-space reads that support the variant">
##INFO=<ID=BaseCalledFraction,Number=1,Type=Float,Description="The fraction of base-space reads that support the variant">
##INFO=<ID=AlleleCount,Number=1,Type=Integer,Description="The inferred number of copies of the allele">
##FORMAT=<ID=GT,Number=1,Type=String,Description="Genotype">
#CHROM	POS	ID	REF	ALT	QUAL	FILTER	INFO	FORMAT	sample
[post-run summary] total reads: 7, unparseable: 0, qc fail: 0, could not calibrate: 0, no alignment: 0, bad fast5: 7
##fileformat=VCFv4.2
##INFO=<ID=TotalReads,Number=1,Type=Integer,Description="The number of event-space reads used to call the variant">
##INFO=<ID=SupportFraction,Number=1,Type=Float,Description="The fraction of event-space reads that support the variant">
##INFO=<ID=BaseCalledReadsWithVariant,Number=1,Type=Integer,Description="The number of base-space reads that support the variant">
##INFO=<ID=BaseCalledFraction,Number=1,Type=Float,Description="The fraction of base-space reads that support the variant">
##INFO=<ID=AlleleCount,Number=1,Type=Integer,Description="The inferred number of copies of the allele">
##FORMAT=<ID=GT,Number=1,Type=String,Description="Genotype">
#CHROM	POS	ID	REF	ALT	QUAL	FILTER	INFO	FORMAT	sample
[post-run summary] total reads: 19, unparseable: 0, qc fail: 0, could not calibrate: 0, no alignment: 0, bad fast5: 19
##fileformat=VCFv4.2
##INFO=<ID=TotalReads,Number=1,Type=Integer,Description="The number of event-space reads used to call the variant">
##INFO=<ID=SupportFraction,Number=1,Type=Float,Description="The fraction of event-space reads that support the variant">
##INFO=<ID=BaseCalledReadsWithVariant,Number=1,Type=Integer,Description="The number of base-space reads that support the variant">
##INFO=<ID=BaseCalledFraction,Number=1,Type=Float,Description="The fraction of base-space reads that support the variant">
##INFO=<ID=AlleleCount,Number=1,Type=Integer,Description="The inferred number of copies of the allele">
##FORMAT=<ID=GT,Number=1,Type=String,Description="Genotype">
#CHROM	POS	ID	REF	ALT	QUAL	FILTER	INFO	FORMAT	sample
[post-run summary] total reads: 26, unparseable: 0, qc fail: 0, could not calibrate: 0, no alignment: 0, bad fast5: 26
##fileformat=VCFv4.2
##INFO=<ID=TotalReads,Number=1,Type=Integer,Description="The number of event-space reads used to call the variant">
##INFO=<ID=SupportFraction,Number=1,Type=Float,Description="The fraction of event-space reads that support the variant">
##INFO=<ID=BaseCalledReadsWithVariant,Number=1,Type=Integer,Description="The number of base-space reads that support the variant">
##INFO=<ID=BaseCalledFraction,Number=1,Type=Float,Description="The fraction of base-space reads that support the variant">
##INFO=<ID=AlleleCount,Number=1,Type=Integer,Description="The inferred number of copies of the allele">
##FORMAT=<ID=GT,Number=1,Type=String,Description="Genotype">
#CHROM	POS	ID	REF	ALT	QUAL	FILTER	INFO	FORMAT	sample
[post-run summary] total reads: 29, unparseable: 0, qc fail: 0, could not calibrate: 0, no alignment: 0, bad fast5: 29
##fileformat=VCFv4.2
##INFO=<ID=TotalReads,Number=1,Type=Integer,Description="The number of event-space reads used to call the variant">
##INFO=<ID=SupportFraction,Number=1,Type=Float,Description="The fraction of event-space reads that support the variant">
##INFO=<ID=BaseCalledReadsWithVariant,Number=1,Type=Integer,Description="The number of base-space reads that support the variant">
##INFO=<ID=BaseCalledFraction,Number=1,Type=Float,Description="The fraction of base-space reads that support the variant">
##INFO=<ID=AlleleCount,Number=1,Type=Integer,Description="The inferred number of copies of the allele">
##FORMAT=<ID=GT,Number=1,Type=String,Description="Genotype">
#CHROM	POS	ID	REF	ALT	QUAL	FILTER	INFO	FORMAT	sample
[post-run summary] total reads: 21, unparseable: 0, qc fail: 0, could not calibrate: 0, no alignment: 0, bad fast5: 21
##fileformat=VCFv4.2
##INFO=<ID=TotalReads,Number=1,Type=Integer,Description="The number of event-space reads used to call the variant">
##INFO=<ID=SupportFraction,Number=1,Type=Float,Description="The fraction of event-space reads that support the variant">
##INFO=<ID=BaseCalledReadsWithVariant,Number=1,Type=Integer,Description="The number of base-space reads that support the variant">
##INFO=<ID=BaseCalledFraction,Number=1,Type=Float,Description="The fraction of base-space reads that support the variant">
##INFO=<ID=AlleleCount,Number=1,Type=Integer,Description="The inferred number of copies of the allele">
##FORMAT=<ID=GT,Number=1,Type=String,Description="Genotype">
#CHROM	POS	ID	REF	ALT	QUAL	FILTER	INFO	FORMAT	sample
[post-run summary] total reads: 23, unparseable: 0, qc fail: 0, could not calibrate: 0, no alignment: 0, bad fast5: 23
##fileformat=VCFv4.2
##INFO=<ID=TotalReads,Number=1,Type=Integer,Description="The number of event-space reads used to call the variant">
##INFO=<ID=SupportFraction,Number=1,Type=Float,Description="The fraction of event-space reads that support the variant">
##INFO=<ID=BaseCalledReadsWithVariant,Number=1,Type=Integer,Description="The number of base-space reads that support the variant">
##INFO=<ID=BaseCalledFraction,Number=1,Type=Float,Description="The fraction of base-space reads that support the variant">
##INFO=<ID=AlleleCount,Number=1,Type=Integer,Description="The inferred number of copies of the allele">
##FORMAT=<ID=GT,Number=1,Type=String,Description="Genotype">
#CHROM	POS	ID	REF	ALT	QUAL	FILTER	INFO	FORMAT	sample
[post-run summary] total reads: 21, unparseable: 0, qc fail: 0, could not calibrate: 0, no alignment: 0, bad fast5: 21
##fileformat=VCFv4.2
##INFO=<ID=TotalReads,Number=1,Type=Integer,Description="The number of event-space reads used to call the variant">
##INFO=<ID=SupportFraction,Number=1,Type=Float,Description="The fraction of event-space reads that support the variant">
##INFO=<ID=BaseCalledReadsWithVariant,Number=1,Type=Integer,Description="The number of base-space reads that support the variant">
##INFO=<ID=BaseCalledFraction,Number=1,Type=Float,Description="The fraction of base-space reads that support the variant">
##INFO=<ID=AlleleCount,Number=1,Type=Integer,Description="The inferred number of copies of the allele">
##FORMAT=<ID=GT,Number=1,Type=String,Description="Genotype">
#CHROM	POS	ID	REF	ALT	QUAL	FILTER	INFO	FORMAT	sample
[post-run summary] total reads: 18, unparseable: 0, qc fail: 0, could not calibrate: 0, no alignment: 0, bad fast5: 18
##fileformat=VCFv4.2
##INFO=<ID=TotalReads,Number=1,Type=Integer,Description="The number of event-space reads used to call the variant">
##INFO=<ID=SupportFraction,Number=1,Type=Float,Description="The fraction of event-space reads that support the variant">
##INFO=<ID=BaseCalledReadsWithVariant,Number=1,Type=Integer,Description="The number of base-space reads that support the variant">
##INFO=<ID=BaseCalledFraction,Number=1,Type=Float,Description="The fraction of base-space reads that support the variant">
##INFO=<ID=AlleleCount,Number=1,Type=Integer,Description="The inferred number of copies of the allele">
##FORMAT=<ID=GT,Number=1,Type=String,Description="Genotype">
#CHROM	POS	ID	REF	ALT	QUAL	FILTER	INFO	FORMAT	sample
[post-run summary] total reads: 10, unparseable: 0, qc fail: 0, could not calibrate: 0, no alignment: 0, bad fast5: 10
##fileformat=VCFv4.2
##INFO=<ID=TotalReads,Number=1,Type=Integer,Description="The number of event-space reads used to call the variant">
##INFO=<ID=SupportFraction,Number=1,Type=Float,Description="The fraction of event-space reads that support the variant">
##INFO=<ID=BaseCalledReadsWithVariant,Number=1,Type=Integer,Description="The number of base-space reads that support the variant">
##INFO=<ID=BaseCalledFraction,Number=1,Type=Float,Description="The fraction of base-space reads that support the variant">
##INFO=<ID=AlleleCount,Number=1,Type=Integer,Description="The inferred number of copies of the allele">
##FORMAT=<ID=GT,Number=1,Type=String,Description="Genotype">
#CHROM	POS	ID	REF	ALT	QUAL	FILTER	INFO	FORMAT	sample
[post-run summary] total reads: 32, unparseable: 0, qc fail: 0, could not calibrate: 0, no alignment: 0, bad fast5: 32

