START METHODS PRINTING
description: Flye uses A-Bruijn graphs to assemble long error-prone reads. To do so, it follows arbitrary paths through the assembly graph and constructs new assembly graphs from these paths.
versions:
  flye: 2.3.7-release
END METHODS PRINTING
[2018-11-24 02:20:58] INFO: Running Flye 2.3.7-release
[2018-11-24 02:20:58] INFO: Configuring run
[2018-11-24 02:20:58] INFO: Input genome size: 4641652
[2018-11-24 02:20:58] INFO: Estimated coverage: 7
[2018-11-24 02:20:58] INFO: Reads N50/N90: 63122 / 18363
[2018-11-24 02:20:58] INFO: Minimum overlap set to 5000
[2018-11-24 02:20:58] INFO: Selected k-mer size: 15
[2018-11-24 02:20:58] INFO: Assembling reads
[2018-11-24 02:20:59] INFO: Reading sequences
[2018-11-24 02:20:59] INFO: Generating solid k-mer index
[2018-11-24 02:21:21] INFO: Counting kmers (1/2):
0% 10% 20% 30% 40% 50% 60% 70% 80% 90% 100% 
[2018-11-24 02:21:22] INFO: Counting kmers (2/2):
0% 10% 20% 30% 40% 50% 60% 70% 80% 90% 100% 
[2018-11-24 02:21:24] INFO: Filling index table
0% 10% 20% 30% 40% 50% 60% 70% 80% 90% 100% 
[2018-11-24 02:21:27] INFO: Extending reads
[2018-11-24 02:22:02] INFO: Overlap-based coverage: 5
[2018-11-24 02:22:02] INFO: Median overlap divergence: 0.144108
0% 10% 20% 30% 40% 50% 60% 70% 80% 90% 100% 
[2018-11-24 02:22:07] INFO: Assembled 8 draft contigs
[2018-11-24 02:22:07] INFO: Generating contig sequences
0% 10% 20% 30% 40% 50% 60% 70% 80% 90% 100% 
[2018-11-24 02:22:51] INFO: Running Minimap2
[2018-11-24 02:23:15] INFO: Computing consensus
[2018-11-24 02:23:43] INFO: Alignment error rate: 0.209839331509
[2018-11-24 02:23:44] INFO: Performing repeat analysis
[2018-11-24 02:23:44] INFO: Reading sequences
[2018-11-24 02:23:45] INFO: Building repeat graph
0% 10% 20% 30% 40% 50% 60% 70% 80% 90% 100% 
[2018-11-24 02:24:18] INFO: Median overlap divergence: 0.193804
[2018-11-24 02:24:18] INFO: Aligning reads to the graph
0% 10% 20% 30% 40% 50% 60% 70% 80% 90% 100% 
[2018-11-24 02:24:49] INFO: Aligned read sequence: 32991007 / 34533283 (0.955339)
[2018-11-24 02:24:49] INFO: Median overlap divergence: 0.121678
[2018-11-24 02:24:49] INFO: Mean edge coverage: 6
[2018-11-24 02:24:49] INFO: Resolving repeats
[2018-11-24 02:24:49] INFO: Generating contigs
[2018-11-24 02:24:49] INFO: Generated 7 contigs
[2018-11-24 02:24:51] INFO: Polishing genome (1/1)
[2018-11-24 02:24:51] INFO: Running minimap2
[2018-11-24 02:25:06] INFO: Separating alignment into bubbles
[2018-11-24 02:25:34] INFO: Alignment error rate: 0.167608718678
[2018-11-24 02:25:34] INFO: Correcting bubbles
0% 10% 20% 30% 40% 50% 60% 70% 80% 90% 100% 
[2018-11-24 02:28:39] INFO: Assembly statistics:

	Total length:	5280394
	Contigs:	7
	Scaffolds:	7
	Scaffolds N50:	1121704
	Largest scf:	1304399
	Mean coverage:	6

[2018-11-24 02:28:39] INFO: Final assembly: /mnt/testscratch/lanno001/poreTallly_ecoliLoman_21081123/assembler_results/flye/scaffolds.fasta
