[2018-07-19 18:16:18,163] multiqc                                            [DEBUG  ]  No MultiQC config found: /home/lanno001/bin/nobackup/MultiQC/multiqc_config.yaml
[2018-07-19 18:16:18,163] multiqc                                            [DEBUG  ]  No MultiQC config found: /home/lanno001/.multiqc_config.yaml
[2018-07-19 18:16:18,164] multiqc                                            [DEBUG  ]  No MultiQC config found: multiqc_config.yaml
[2018-07-19 18:16:18,164] multiqc                                            [DEBUG  ]  Command used: /home/lanno001/.local/bin/multiqc -i Assembler Benchmark report --filename REPORT -o . -f -p --tag assembler_benchmark --template assembler_benchmark /mnt/testscratch/lanno001/poreTally_ecoli_2018060717/analysis/summary/ --data-format yaml
[2018-07-19 18:16:18,247] multiqc                                            [DEBUG  ]  Latest MultiQC version is v1.5
[2018-07-19 18:16:18,248] multiqc                                            [INFO   ]  This is MultiQC v1.5.dev0 (8a39dc0)
[2018-07-19 18:16:18,249] multiqc                                            [DEBUG  ]  Command     : /home/lanno001/.local/bin/multiqc -i Assembler Benchmark report --filename REPORT -o . -f -p --tag assembler_benchmark --template assembler_benchmark /mnt/testscratch/lanno001/poreTally_ecoli_2018060717/analysis/summary/ --data-format yaml
[2018-07-19 18:16:18,250] multiqc                                            [DEBUG  ]  Working dir : /mnt/testscratch/lanno001/poreTally_ecoli_2018060717/analysis/summary
[2018-07-19 18:16:18,250] multiqc                                            [INFO   ]  Template    : assembler_benchmark
[2018-07-19 18:16:18,251] multiqc                                            [INFO   ]  Report title: Assembler Benchmark report
[2018-07-19 18:16:18,252] multiqc                                            [INFO   ]  Searching '/mnt/testscratch/lanno001/poreTally_ecoli_2018060717/analysis/summary/'
[2018-07-19 18:16:18,254] multiqc                                            [INFO   ]  Only using modules with 'assembler_benchmark' tag
[2018-07-19 18:16:18,254] multiqc                                            [DEBUG  ]  Analysing modules: ab_methods_section, ab_read_quality, quast, jellyfish, mummerplot, ab_cpu_times
[2018-07-19 18:16:18,255] multiqc                                            [DEBUG  ]  Using temporary directory for creating report: /tmp/tmpiq7gqxhq
[2018-07-19 18:16:18,301] multiqc                                            [DEBUG  ]  Ignored search patterns as didn't match running modules: slamdunk/rates, picard/pcr_metrics, disambiguate, preseq, star/genecounts, picard/hsmetrics, bowtie2, slamdunk/tcperreadpos, clusterflow/logs, rseqc/read_gc, deeptools/plotCoverageOutRawCounts, fastqc/theoretical_gc, deeptools/plotFingerprintOutRawCounts, picard/alignment_metrics, picard/gcbias, rseqc/read_distribution, sargasso, peddy/summary_table, htseq, picard/wgs_metrics, picard/insertsize, fastqc/zip, bbmap/covhist, bbmap/bhist, custom_content, bbmap/statsfile_machine, tophat, samblaster, supernova/report, homer/LengthDistribution, macs2, deeptools/plotFingerprintOutQualityMetrics, slamdunk/summary, bbmap/ihist, vcftools/relatedness2, rna_seqc/coverage, bbmap/lhist, bbmap/idhist, bismark/bam2nuc, deeptools/plotEnrichment, fastqc/data, kallisto, rseqc/junction_saturation, homer/RestrictionDistribution, trimmomatic, samtools/flagstat, homer/GCcontent, samtools/rmdup, peddy/ped_check, star, prokka, picard/oxogmetrics, salmon/meta, picard/rnaseqmetrics, bbmap/aqhist, leehom, homer/tagInfo, quast_synteny, bismark/m_bias, qualimap/rnaseq/rnaseq_results, hisat2, biobloomtools, qualimap/rnaseq/coverage, bbmap/qhist, gatk/base_recalibrator, goleft_indexcov/roc, bbmap/covstats, adapterRemoval, qualimap/bamqc/coverage, rna_seqc/metrics, hicexplorer, rna_seqc/correlation, peddy/het_check, homer/genomeGCcontent, supernova/summary, vcftools/tstv_summary, rseqc/inner_distance, bbmap/mhist, verifybamid/selfsm, cutadapt, picard/markdups, slamdunk/utrrates, gatk/varianteval, bismark/align, bbmap/indelhist, bbmap/statsfile, deeptools/plotCoverageStdout, qualimap/bamqc/gc_dist, rseqc/bam_stat, rsem, fastq_screen, homer/findpeaks, slamdunk/PCA, bbmap/bincov, bcl2fastq, bbmap/gchist, samtools/idxstats, afterqc, rseqc/junction_annotation, bismark/dedup, bbmap/rpkm, bbmap/qahist, vcftools/tstv_by_qual, featurecounts, clusterflow/runfiles, interop/summary, picard/basedistributionbycycle, supernova/molecules, deeptools/estimateReadFiltering, samtools/stats, deeptools/bamPEFragmentSize, interop/index-summary, preseq/real_counts, rseqc/read_duplication_pos, goleft_indexcov/ped, methylQA, conpair/contamination, qorts, flexbar, qualimap/bamqc/insert_size, skewer, snpeff, bismark/meth_extract, slamdunk/tcperutrpos, vcftools/tstv_by_count, qualimap/bamqc/genome_fraction, busco, picard/rrbs_metrics, bowtie1, bbmap/ehist, qualimap/bamqc/genome_results, bcftools/stats, hicup, bamtools/stats, homer/FreqDistribution, rseqc/infer_experiment, theta2, bbmap/bqhist, sortmerna, peddy/sex_check, rseqc/gene_body_coverage, supernova/kmers, conpair/concordance, salmon/fld
[2018-07-19 18:16:19,031] multiqc.modules.ab_read_quality.ab_read_quality    [INFO   ]  found nanostats file
[2018-07-19 18:16:20,751] multiqc.modules.quast.quast                        [INFO   ]  Found 5 reports
[2018-07-19 18:16:22,517] multiqc.modules.jellyfish.jellyfish                [INFO   ]  Found 0 histogram files
[2018-07-19 18:16:22,518] multiqc.modules.jellyfish.jellyfish                [INFO   ]  Found 6 count (dump) files
[2018-07-19 18:16:24,766] multiqc                                            [DEBUG  ]  No samples found: mummerplot
[2018-07-19 18:16:24,808] multiqc.modules.ab_cpu_times.ab_cpu_times          [INFO   ]  found CPU resource files
[2018-07-19 18:16:24,859] multiqc                                            [INFO   ]  Compressing plot data
[2018-07-19 18:16:26,240] multiqc                                            [INFO   ]  Report      : multiqc_report/REPORT.html
[2018-07-19 18:16:26,242] multiqc                                            [INFO   ]  Data        : multiqc_report/REPORT_data
[2018-07-19 18:16:26,247] multiqc                                            [DEBUG  ]  Moving data file from '/tmp/tmpiq7gqxhq/multiqc_data/ab_methods.yaml' to './multiqc_report/REPORT_data'
[2018-07-19 18:16:26,268] multiqc                                            [DEBUG  ]  Moving data file from '/tmp/tmpiq7gqxhq/multiqc_data/multiqc_data.json' to './multiqc_report/REPORT_data'
[2018-07-19 18:16:26,323] multiqc                                            [DEBUG  ]  Moving data file from '/tmp/tmpiq7gqxhq/multiqc_data/multiqc_quast.yaml' to './multiqc_report/REPORT_data'
[2018-07-19 18:16:26,341] multiqc                                            [DEBUG  ]  Moving data file from '/tmp/tmpiq7gqxhq/multiqc_data/multiqc_sources.yaml' to './multiqc_report/REPORT_data'
[2018-07-19 18:16:26,359] multiqc                                            [DEBUG  ]  Moving data file from '/tmp/tmpiq7gqxhq/multiqc_data/multiqc_general_stats.yaml' to './multiqc_report/REPORT_data'
[2018-07-19 18:16:26,378] multiqc                                            [DEBUG  ]  Moving data file from '/tmp/tmpiq7gqxhq/multiqc_data/mqc_quast_num_contigs_1.yaml' to './multiqc_report/REPORT_data'
[2018-07-19 18:16:26,395] multiqc                                            [DEBUG  ]  Moving data file from '/tmp/tmpiq7gqxhq/multiqc_data/multiqc_readqual_summary.yaml' to './multiqc_report/REPORT_data'
[2018-07-19 18:16:26,417] multiqc                                            [INFO   ]  Plots       : multiqc_report/multiqc_plots
[2018-07-19 18:16:26,419] multiqc                                            [DEBUG  ]  Moving plots directory from '/tmp/tmpiq7gqxhq/multiqc_plots/svg' to './multiqc_report/multiqc_plots'
[2018-07-19 18:16:26,462] multiqc                                            [DEBUG  ]  Moving plots directory from '/tmp/tmpiq7gqxhq/multiqc_plots/png' to './multiqc_report/multiqc_plots'
[2018-07-19 18:16:26,532] multiqc                                            [DEBUG  ]  Moving plots directory from '/tmp/tmpiq7gqxhq/multiqc_plots/pdf' to './multiqc_report/multiqc_plots'
[2018-07-19 18:16:27,171] multiqc                                            [INFO   ]  MultiQC complete
