[2019-06-02 14:05:46,211] multiqc                                            [DEBUG  ]  No MultiQC config found: /local_data/poreTally_dockertest_20190602/envs/.snakemake/conda/63f55129/lib/python3.5/site-packages/multiqc_config.yaml
[2019-06-02 14:05:46,211] multiqc                                            [DEBUG  ]  No MultiQC config found: /root/.multiqc_config.yaml
[2019-06-02 14:05:46,211] multiqc                                            [DEBUG  ]  No MultiQC config found: multiqc_config.yaml
[2019-06-02 14:05:46,211] multiqc                                            [DEBUG  ]  Command used: /local_data/poreTally_dockertest_20190602/envs/.snakemake/conda/63f55129/bin/multiqc -i Assembler Benchmark report --filename REPORT -o . -f -p --tag assembler_benchmark --template assembler_benchmark /local_data/poreTally_dockertest_20190602/analysis/summary/ --data-format yaml
[2019-06-02 14:05:46,674] multiqc                                            [WARNING]  MultiQC Version v1.7 now available!
[2019-06-02 14:05:46,675] multiqc                                            [INFO   ]  This is MultiQC v1.5.dev0
[2019-06-02 14:05:46,675] multiqc                                            [DEBUG  ]  Command     : /local_data/poreTally_dockertest_20190602/envs/.snakemake/conda/63f55129/bin/multiqc -i Assembler Benchmark report --filename REPORT -o . -f -p --tag assembler_benchmark --template assembler_benchmark /local_data/poreTally_dockertest_20190602/analysis/summary/ --data-format yaml
[2019-06-02 14:05:46,675] multiqc                                            [DEBUG  ]  Working dir : /local_data/poreTally_dockertest_20190602/analysis/summary
[2019-06-02 14:05:46,676] multiqc                                            [INFO   ]  Template    : assembler_benchmark
[2019-06-02 14:05:46,676] multiqc                                            [INFO   ]  Report title: Assembler Benchmark report
[2019-06-02 14:05:46,676] multiqc                                            [INFO   ]  Searching '/local_data/poreTally_dockertest_20190602/analysis/summary/'
[2019-06-02 14:05:46,678] multiqc                                            [INFO   ]  Only using modules with 'assembler_benchmark' tag
[2019-06-02 14:05:46,678] multiqc                                            [DEBUG  ]  Analysing modules: ab_methods_section, ab_read_quality, quast, jellyfish, mummerplot, minimap2, ab_cpu_times
[2019-06-02 14:05:46,679] multiqc                                            [DEBUG  ]  Using temporary directory for creating report: /tmp/tmpo112vjr1
[2019-06-02 14:05:46,784] multiqc                                            [DEBUG  ]  Ignored search patterns as didn't match running modules: samtools/stats, bbmap/statsfile, homer/FreqDistribution, tophat, bismark/dedup, slamdunk/PCA, picard/wgs_metrics, qualimap/bamqc/insert_size, custom_content, star, picard/rrbs_metrics, homer/RestrictionDistribution, rna_seqc/coverage, salmon/meta, fastqc/zip, clusterflow/runfiles, salmon/fld, bbmap/rpkm, homer/LengthDistribution, bismark/bam2nuc, star/genecounts, flexbar, conpair/concordance, bowtie1, deeptools/plotCoverageOutRawCounts, bcftools/stats, vcftools/tstv_by_qual, theta2, rseqc/inner_distance, gatk/varianteval, deeptools/estimateReadFiltering, picard/markdups, rseqc/bam_stat, biobloomtools, fastqc/theoretical_gc, homer/genomeGCcontent, trimmomatic, busco, slamdunk/rates, picard/pcr_metrics, htseq, rseqc/read_duplication_pos, samtools/flagstat, peddy/sex_check, qualimap/bamqc/genome_results, verifybamid/selfsm, bbmap/bhist, qualimap/rnaseq/coverage, bbmap/qhist, slamdunk/summary, bbmap/ehist, picard/insertsize, disambiguate, rseqc/gene_body_coverage, bbmap/covstats, rseqc/read_distribution, qualimap/bamqc/coverage, peddy/het_check, qorts, homer/GCcontent, prokka, hisat2, bbmap/statsfile_machine, gatk/base_recalibrator, kallisto, bismark/meth_extract, picard/basedistributionbycycle, rsem, bbmap/ihist, bbmap/idhist, sortmerna, deeptools/plotEnrichment, rseqc/junction_annotation, interop/summary, preseq, samblaster, bbmap/gchist, vcftools/tstv_by_count, qualimap/rnaseq/rnaseq_results, deeptools/plotCoverageStdout, samtools/idxstats, deeptools/plotFingerprintOutRawCounts, bbmap/covhist, clusterflow/logs, hicup, snpeff, goleft_indexcov/ped, conpair/contamination, homer/tagInfo, bbmap/aqhist, featurecounts, interop/index-summary, sargasso, bcl2fastq, methylQA, supernova/report, bbmap/lhist, slamdunk/tcperreadpos, macs2, slamdunk/utrrates, qualimap/bamqc/genome_fraction, slamdunk/tcperutrpos, bismark/align, supernova/molecules, vcftools/relatedness2, peddy/ped_check, picard/gcbias, preseq/real_counts, bbmap/indelhist, hicexplorer, vcftools/tstv_summary, bbmap/mhist, leehom, fastqc/data, homer/findpeaks, deeptools/bamPEFragmentSize, bowtie2, peddy/summary_table, afterqc, qualimap/bamqc/gc_dist, picard/alignment_metrics, bbmap/bincov, rseqc/junction_saturation, supernova/kmers, picard/oxogmetrics, bamtools/stats, picard/hsmetrics, bbmap/qahist, rna_seqc/metrics, picard/rnaseqmetrics, goleft_indexcov/roc, rseqc/infer_experiment, rseqc/read_gc, supernova/summary, samtools/rmdup, cutadapt, bbmap/bqhist, skewer, fastq_screen, adapterRemoval, bismark/m_bias, rna_seqc/correlation, deeptools/plotFingerprintOutQualityMetrics
[2019-06-02 14:05:47,409] multiqc.modules.quast.quast                        [INFO   ]  Found 1 reports
[2019-06-02 14:05:48,862] multiqc.modules.jellyfish.jellyfish                [INFO   ]  Found 0 histogram files
[2019-06-02 14:05:48,862] multiqc.modules.jellyfish.jellyfish                [INFO   ]  Found 2 count (dump) files
[2019-06-02 14:05:49,107] multiqc.modules.mummerplot.mummerplot              [INFO   ]  found mummerplot images
[2019-06-02 14:05:49,301] multiqc.modules.minimap2.minimap2                  [INFO   ]  found minimap2 coord files
[2019-06-02 14:05:49,493] multiqc.modules.ab_cpu_times.ab_cpu_times          [INFO   ]  found CPU resource files
[2019-06-02 14:05:49,502] multiqc                                            [INFO   ]  Compressing plot data
[2019-06-02 14:05:49,603] multiqc                                            [INFO   ]  Report      : multiqc_report/REPORT.html
[2019-06-02 14:05:49,603] multiqc                                            [INFO   ]  Data        : multiqc_report/REPORT_data
[2019-06-02 14:05:49,603] multiqc                                            [DEBUG  ]  Moving data file from '/tmp/tmpo112vjr1/multiqc_data/multiqc_sources.yaml' to './multiqc_report/REPORT_data'
[2019-06-02 14:05:49,604] multiqc                                            [DEBUG  ]  Moving data file from '/tmp/tmpo112vjr1/multiqc_data/mqc_quast_num_contigs_1.yaml' to './multiqc_report/REPORT_data'
[2019-06-02 14:05:49,604] multiqc                                            [DEBUG  ]  Moving data file from '/tmp/tmpo112vjr1/multiqc_data/multiqc_quast.yaml' to './multiqc_report/REPORT_data'
[2019-06-02 14:05:49,604] multiqc                                            [DEBUG  ]  Moving data file from '/tmp/tmpo112vjr1/multiqc_data/cpu_usage.yaml' to './multiqc_report/REPORT_data'
[2019-06-02 14:05:49,605] multiqc                                            [DEBUG  ]  Moving data file from '/tmp/tmpo112vjr1/multiqc_data/multiqc_readqual_summary.yaml' to './multiqc_report/REPORT_data'
[2019-06-02 14:05:49,605] multiqc                                            [DEBUG  ]  Moving data file from '/tmp/tmpo112vjr1/multiqc_data/ab_methods.yaml' to './multiqc_report/REPORT_data'
[2019-06-02 14:05:49,605] multiqc                                            [DEBUG  ]  Moving data file from '/tmp/tmpo112vjr1/multiqc_data/multiqc_general_stats.yaml' to './multiqc_report/REPORT_data'
[2019-06-02 14:05:49,606] multiqc                                            [DEBUG  ]  Moving data file from '/tmp/tmpo112vjr1/multiqc_data/multiqc_data.json' to './multiqc_report/REPORT_data'
[2019-06-02 14:05:49,606] multiqc                                            [INFO   ]  Plots       : multiqc_report/multiqc_plots
[2019-06-02 14:05:49,607] multiqc                                            [DEBUG  ]  Moving plots directory from '/tmp/tmpo112vjr1/multiqc_plots/png' to './multiqc_report/multiqc_plots'
[2019-06-02 14:05:49,608] multiqc                                            [DEBUG  ]  Moving plots directory from '/tmp/tmpo112vjr1/multiqc_plots/pdf' to './multiqc_report/multiqc_plots'
[2019-06-02 14:05:49,609] multiqc                                            [DEBUG  ]  Moving plots directory from '/tmp/tmpo112vjr1/multiqc_plots/svg' to './multiqc_report/multiqc_plots'
[2019-06-02 14:05:49,739] multiqc                                            [INFO   ]  MultiQC complete
